# JRE version: OpenJDK Runtime Environment (8.0_152-b01) (build 1.8.0_152-release-1024-b01)
# Java VM: OpenJDK 64-Bit Server VM (25.152-b01 mixed mode linux-amd64 compressed oops)
Heap:
 PSYoungGen      total 499712K, used 0K [0x00000000e0000000, 0x0000000100000000, 0x0000000100000000)
  eden space 475136K, 0% used [0x00000000e0000000,0x00000000e0000000,0x00000000fd000000)
  from space 24576K, 0% used [0x00000000fd000000,0x00000000fd000000,0x00000000fe800000)
  to   space 24576K, 0% used [0x00000000fe800000,0x00000000fe800000,0x0000000100000000)
 ParOldGen       total 163328K, used 133682K [0x00000000a0000000, 0x00000000a9f80000, 0x00000000e0000000)
  object space 163328K, 81% used [0x00000000a0000000,0x00000000a828ca40,0x00000000a9f80000)
 Metaspace       used 92721K, capacity 97008K, committed 97280K, reserved 1134592K
  class space    used 11738K, capacity 12702K, committed 12800K, reserved 1048576K
GC Heap History (10 events):
Event: 269.287 GC heap after
Heap after GC invocations=41 (full 4):
 PSYoungGen      total 500736K, used 2092K [0x00000000e0000000, 0x0000000100000000, 0x0000000100000000)
  eden space 479744K, 0% used [0x00000000e0000000,0x00000000e0000000,0x00000000fd480000)
  from space 20992K, 9% used [0x00000000fd480000,0x00000000fd68b308,0x00000000fe900000)
  to   space 20480K, 0% used [0x00000000fec00000,0x00000000fec00000,0x0000000100000000)
 ParOldGen       total 163328K, used 84455K [0x00000000a0000000, 0x00000000a9f80000, 0x00000000e0000000)
  object space 163328K, 51% used [0x00000000a0000000,0x00000000a5279fa8,0x00000000a9f80000)
 Metaspace       used 91781K, capacity 95932K, committed 96128K, reserved 1132544K
  class space    used 11670K, capacity 12604K, committed 12672K, reserved 1048576K
}
Event: 273.683 GC heap before
{Heap before GC invocations=42 (full 4):
 PSYoungGen      total 500736K, used 481836K [0x00000000e0000000, 0x0000000100000000, 0x0000000100000000)
  eden space 479744K, 100% used [0x00000000e0000000,0x00000000fd480000,0x00000000fd480000)
  from space 20992K, 9% used [0x00000000fd480000,0x00000000fd68b308,0x00000000fe900000)
  to   space 20480K, 0% used [0x00000000fec00000,0x00000000fec00000,0x0000000100000000)
 ParOldGen       total 163328K, used 84455K [0x00000000a0000000, 0x00000000a9f80000, 0x00000000e0000000)
  object space 163328K, 51% used [0x00000000a0000000,0x00000000a5279fa8,0x00000000a9f80000)
 Metaspace       used 91829K, capacity 95932K, committed 96128K, reserved 1132544K
  class space    used 11670K, capacity 12604K, committed 12672K, reserved 1048576K
Event: 273.692 GC heap after
Heap after GC invocations=42 (full 4):
 PSYoungGen      total 500736K, used 4058K [0x00000000e0000000, 0x00000000ffd80000, 0x0000000100000000)
  eden space 482816K, 0% used [0x00000000e0000000,0x00000000e0000000,0x00000000fd780000)
  from space 17920K, 22% used [0x00000000fec00000,0x00000000feff6870,0x00000000ffd80000)
  to   space 19456K, 0% used [0x00000000fd780000,0x00000000fd780000,0x00000000fea80000)
 ParOldGen       total 163328K, used 84471K [0x00000000a0000000, 0x00000000a9f80000, 0x00000000e0000000)
  object space 163328K, 51% used [0x00000000a0000000,0x00000000a527dfa8,0x00000000a9f80000)
 Metaspace       used 91829K, capacity 95932K, committed 96128K, reserved 1132544K
  class space    used 11670K, capacity 12604K, committed 12672K, reserved 1048576K
}
Event: 277.854 GC heap before
{Heap before GC invocations=43 (full 4):
 PSYoungGen      total 500736K, used 486874K [0x00000000e0000000, 0x00000000ffd80000, 0x0000000100000000)
  eden space 482816K, 100% used [0x00000000e0000000,0x00000000fd780000,0x00000000fd780000)
  from space 17920K, 22% used [0x00000000fec00000,0x00000000feff6870,0x00000000ffd80000)
  to   space 19456K, 0% used [0x00000000fd780000,0x00000000fd780000,0x00000000fea80000)
 ParOldGen       total 163328K, used 84471K [0x00000000a0000000, 0x00000000a9f80000, 0x00000000e0000000)
  object space 163328K, 51% used [0x00000000a0000000,0x00000000a527dfa8,0x00000000a9f80000)
 Metaspace       used 91861K, capacity 96060K, committed 96128K, reserved 1132544K
  class space    used 11670K, capacity 12604K, committed 12672K, reserved 1048576K
Event: 277.858 GC heap after
Heap after GC invocations=43 (full 4):
 PSYoungGen      total 502272K, used 320K [0x00000000e0000000, 0x0000000100000000, 0x0000000100000000)
  eden space 482816K, 0% used [0x00000000e0000000,0x00000000e0000000,0x00000000fd780000)
  from space 19456K, 1% used [0x00000000fd780000,0x00000000fd7d0000,0x00000000fea80000)
  to   space 18944K, 0% used [0x00000000fed80000,0x00000000fed80000,0x0000000100000000)
 ParOldGen       total 163328K, used 84479K [0x00000000a0000000, 0x00000000a9f80000, 0x00000000e0000000)
  object space 163328K, 51% used [0x00000000a0000000,0x00000000a527ffa8,0x00000000a9f80000)
 Metaspace       used 91861K, capacity 96060K, committed 96128K, reserved 1132544K
  class space    used 11670K, capacity 12604K, committed 12672K, reserved 1048576K
}
Event: 285.737 GC heap before
{Heap before GC invocations=44 (full 4):
 PSYoungGen      total 502272K, used 483136K [0x00000000e0000000, 0x0000000100000000, 0x0000000100000000)
  eden space 482816K, 100% used [0x00000000e0000000,0x00000000fd780000,0x00000000fd780000)
  from space 19456K, 1% used [0x00000000fd780000,0x00000000fd7d0000,0x00000000fea80000)
  to   space 18944K, 0% used [0x00000000fed80000,0x00000000fed80000,0x0000000100000000)
 ParOldGen       total 163328K, used 84479K [0x00000000a0000000, 0x00000000a9f80000, 0x00000000e0000000)
  object space 163328K, 51% used [0x00000000a0000000,0x00000000a527ffa8,0x00000000a9f80000)
 Metaspace       used 92283K, capacity 96424K, committed 96640K, reserved 1132544K
  class space    used 11702K, capacity 12650K, committed 12672K, reserved 1048576K
Event: 285.800 GC heap after
Heap after GC invocations=44 (full 4):
 PSYoungGen      total 494080K, used 18915K [0x00000000e0000000, 0x0000000100000000, 0x0000000100000000)
  eden space 475136K, 0% used [0x00000000e0000000,0x00000000e0000000,0x00000000fd000000)
  from space 18944K, 99% used [0x00000000fed80000,0x00000000ffff8f88,0x0000000100000000)
  to   space 24576K, 0% used [0x00000000fd000000,0x00000000fd000000,0x00000000fe800000)
 ParOldGen       total 163328K, used 89223K [0x00000000a0000000, 0x00000000a9f80000, 0x00000000e0000000)
  object space 163328K, 54% used [0x00000000a0000000,0x00000000a5721c10,0x00000000a9f80000)
 Metaspace       used 92283K, capacity 96424K, committed 96640K, reserved 1132544K
  class space    used 11702K, capacity 12650K, committed 12672K, reserved 1048576K
}
Event: 292.618 GC heap before
{Heap before GC invocations=45 (full 4):
 PSYoungGen      total 494080K, used 493511K [0x00000000e0000000, 0x0000000100000000, 0x0000000100000000)
  eden space 475136K, 99% used [0x00000000e0000000,0x00000000fcf78fc8,0x00000000fd000000)
  from space 18944K, 99% used [0x00000000fed80000,0x00000000ffff8f88,0x0000000100000000)
  to   space 24576K, 0% used [0x00000000fd000000,0x00000000fd000000,0x00000000fe800000)
 ParOldGen       total 163328K, used 89223K [0x00000000a0000000, 0x00000000a9f80000, 0x00000000e0000000)
  object space 163328K, 54% used [0x00000000a0000000,0x00000000a5721c10,0x00000000a9f80000)
 Metaspace       used 92721K, capacity 97008K, committed 97280K, reserved 1134592K
  class space    used 11738K, capacity 12702K, committed 12800K, reserved 1048576K
Event: 292.839 GC heap after
Heap after GC invocations=45 (full 4):
 PSYoungGen      total 499712K, used 24544K [0x00000000e0000000, 0x0000000100000000, 0x0000000100000000)
  eden space 475136K, 0% used [0x00000000e0000000,0x00000000e0000000,0x00000000fd000000)
  from space 24576K, 99% used [0x00000000fd000000,0x00000000fe7f8158,0x00000000fe800000)
  to   space 24576K, 0% used [0x00000000fe800000,0x00000000fe800000,0x0000000100000000)
 ParOldGen       total 163328K, used 149077K [0x00000000a0000000, 0x00000000a9f80000, 0x00000000e0000000)
  object space 163328K, 91% used [0x00000000a0000000,0x00000000a9195788,0x00000000a9f80000)
 Metaspace       used 92721K, capacity 97008K, committed 97280K, reserved 1134592K
  class space    used 11738K, capacity 12702K, committed 12800K, reserved 1048576K
}
Event: 292.877 GC heap before
{Heap before GC invocations=46 (full 5):
 PSYoungGen      total 499712K, used 24544K [0x00000000e0000000, 0x0000000100000000, 0x0000000100000000)
  eden space 475136K, 0% used [0x00000000e0000000,0x00000000e0000000,0x00000000fd000000)
  from space 24576K, 99% used [0x00000000fd000000,0x00000000fe7f8158,0x00000000fe800000)
  to   space 24576K, 0% used [0x00000000fe800000,0x00000000fe800000,0x0000000100000000)
 ParOldGen       total 163328K, used 149077K [0x00000000a0000000, 0x00000000a9f80000, 0x00000000e0000000)
  object space 163328K, 91% used [0x00000000a0000000,0x00000000a9195788,0x00000000a9f80000)
 Metaspace       used 92721K, capacity 97008K, committed 97280K, reserved 1134592K
  class space    used 11738K, capacity 12702K, committed 12800K, reserved 1048576K

